[0.195s] DEBUG:colcon:Command line arguments: ['/usr/bin/colcon', 'build']
[0.195s] DEBUG:colcon:Parsed command line arguments: Namespace(allow_overriding=[], ament_cmake_args=None, base_paths=['.'], build_base='build', catkin_cmake_args=None, catkin_skip_building_tests=False, cmake_args=None, cmake_clean_cache=False, cmake_clean_first=False, cmake_force_configure=False, cmake_target=None, cmake_target_skip_unavailable=False, continue_on_error=False, event_handlers=None, executor='parallel', ignore_user_meta=False, install_base='install', log_base=None, log_level=None, main=<bound method BuildVerb.main of <colcon_core.verb.build.BuildVerb object at 0x7f3576d7c3a0>>, merge_install=False, metas=['./colcon.meta'], packages_above=None, packages_above_and_dependencies=None, packages_above_depth=None, packages_end=None, packages_ignore=None, packages_ignore_regex=None, packages_select=None, packages_select_build_failed=False, packages_select_by_dep=None, packages_select_regex=None, packages_select_test_failures=False, packages_skip=None, packages_skip_build_finished=False, packages_skip_by_dep=None, packages_skip_regex=None, packages_skip_test_passed=False, packages_skip_up_to=None, packages_start=None, packages_up_to=None, packages_up_to_regex=None, parallel_workers=8, paths=None, symlink_install=False, test_result_base=None, verb_extension=<colcon_core.verb.build.BuildVerb object at 0x7f3576d7c3a0>, verb_name='build', verb_parser=<colcon_defaults.argument_parser.defaults.DefaultArgumentsDecorator object at 0x7f3576d7c820>)
[0.321s] Level 1:colcon.colcon_core.package_discovery:discover_packages(colcon_meta) check parameters
[0.321s] Level 1:colcon.colcon_core.package_discovery:discover_packages(recursive) check parameters
[0.321s] Level 1:colcon.colcon_core.package_discovery:discover_packages(ignore) check parameters
[0.321s] Level 1:colcon.colcon_core.package_discovery:discover_packages(path) check parameters
[0.321s] Level 1:colcon.colcon_core.package_discovery:discover_packages(colcon_meta) discover
[0.321s] Level 1:colcon.colcon_core.package_discovery:discover_packages(recursive) discover
[0.321s] INFO:colcon.colcon_core.package_discovery:Crawling recursively for packages in '/home/priyadarshan/Socially-Aware-Medi-Assist-Robot'
[0.321s] Level 1:colcon.colcon_core.package_identification:_identify(.) by extensions ['ignore', 'ignore_ament_install']
[0.322s] Level 1:colcon.colcon_core.package_identification:_identify(.) by extension 'ignore'
[0.322s] Level 1:colcon.colcon_core.package_identification:_identify(.) by extension 'ignore_ament_install'
[0.322s] Level 1:colcon.colcon_core.package_identification:_identify(.) by extensions ['colcon_pkg']
[0.322s] Level 1:colcon.colcon_core.package_identification:_identify(.) by extension 'colcon_pkg'
[0.322s] Level 1:colcon.colcon_core.package_identification:_identify(.) by extensions ['colcon_meta']
[0.322s] Level 1:colcon.colcon_core.package_identification:_identify(.) by extension 'colcon_meta'
[0.322s] Level 1:colcon.colcon_core.package_identification:_identify(.) by extensions ['ros']
[0.322s] Level 1:colcon.colcon_core.package_identification:_identify(.) by extension 'ros'
[0.331s] Level 1:colcon.colcon_core.package_identification:_identify(.) by extensions ['cmake', 'python']
[0.331s] Level 1:colcon.colcon_core.package_identification:_identify(.) by extension 'cmake'
[0.331s] Level 1:colcon.colcon_core.package_identification:_identify(.) by extension 'python'
[0.331s] Level 1:colcon.colcon_core.package_identification:_identify(.) by extensions ['python_setup_py']
[0.331s] Level 1:colcon.colcon_core.package_identification:_identify(.) by extension 'python_setup_py'
[0.331s] Level 1:colcon.colcon_core.package_identification:_identify(build) by extensions ['ignore', 'ignore_ament_install']
[0.331s] Level 1:colcon.colcon_core.package_identification:_identify(build) by extension 'ignore'
[0.331s] Level 1:colcon.colcon_core.package_identification:_identify(build) ignored
[0.331s] Level 1:colcon.colcon_core.package_identification:_identify(install) by extensions ['ignore', 'ignore_ament_install']
[0.332s] Level 1:colcon.colcon_core.package_identification:_identify(install) by extension 'ignore'
[0.332s] Level 1:colcon.colcon_core.package_identification:_identify(install) ignored
[0.332s] Level 1:colcon.colcon_core.package_identification:_identify(log) by extensions ['ignore', 'ignore_ament_install']
[0.332s] Level 1:colcon.colcon_core.package_identification:_identify(log) by extension 'ignore'
[0.332s] Level 1:colcon.colcon_core.package_identification:_identify(log) ignored
[0.332s] Level 1:colcon.colcon_core.package_identification:_identify(radar_fusion) by extensions ['ignore', 'ignore_ament_install']
[0.332s] Level 1:colcon.colcon_core.package_identification:_identify(radar_fusion) by extension 'ignore'
[0.332s] Level 1:colcon.colcon_core.package_identification:_identify(radar_fusion) by extension 'ignore_ament_install'
[0.332s] Level 1:colcon.colcon_core.package_identification:_identify(radar_fusion) by extensions ['colcon_pkg']
[0.332s] Level 1:colcon.colcon_core.package_identification:_identify(radar_fusion) by extension 'colcon_pkg'
[0.332s] Level 1:colcon.colcon_core.package_identification:_identify(radar_fusion) by extensions ['colcon_meta']
[0.332s] Level 1:colcon.colcon_core.package_identification:_identify(radar_fusion) by extension 'colcon_meta'
[0.332s] Level 1:colcon.colcon_core.package_identification:_identify(radar_fusion) by extensions ['ros']
[0.332s] Level 1:colcon.colcon_core.package_identification:_identify(radar_fusion) by extension 'ros'
[0.335s] DEBUG:colcon.colcon_core.package_identification:Package 'radar_fusion' with type 'ros.ament_python' and name 'radar_fusion'
[0.335s] Level 1:colcon.colcon_core.package_discovery:discover_packages(recursive) using defaults
[0.335s] Level 1:colcon.colcon_core.package_discovery:discover_packages(ignore) discover
[0.335s] Level 1:colcon.colcon_core.package_discovery:discover_packages(ignore) using defaults
[0.335s] Level 1:colcon.colcon_core.package_discovery:discover_packages(path) discover
[0.335s] Level 1:colcon.colcon_core.package_discovery:discover_packages(path) using defaults
[0.356s] Level 1:colcon.colcon_core.package_discovery:discover_packages(prefix_path) check parameters
[0.356s] Level 1:colcon.colcon_core.package_discovery:discover_packages(prefix_path) discover
[0.357s] DEBUG:colcon.colcon_installed_package_information.package_discovery:Found 1 installed packages in /home/priyadarshan/Socially-Aware-Medi-Assist-Robot/install
[0.358s] DEBUG:colcon.colcon_installed_package_information.package_discovery:Found 294 installed packages in /opt/ros/foxy
[0.359s] Level 1:colcon.colcon_core.package_discovery:discover_packages(prefix_path) using defaults
[0.406s] Level 5:colcon.colcon_core.verb:set package 'radar_fusion' build argument 'cmake_args' from command line to 'None'
[0.406s] Level 5:colcon.colcon_core.verb:set package 'radar_fusion' build argument 'cmake_target' from command line to 'None'
[0.406s] Level 5:colcon.colcon_core.verb:set package 'radar_fusion' build argument 'cmake_target_skip_unavailable' from command line to 'False'
[0.406s] Level 5:colcon.colcon_core.verb:set package 'radar_fusion' build argument 'cmake_clean_cache' from command line to 'False'
[0.406s] Level 5:colcon.colcon_core.verb:set package 'radar_fusion' build argument 'cmake_clean_first' from command line to 'False'
[0.406s] Level 5:colcon.colcon_core.verb:set package 'radar_fusion' build argument 'cmake_force_configure' from command line to 'False'
[0.406s] Level 5:colcon.colcon_core.verb:set package 'radar_fusion' build argument 'ament_cmake_args' from command line to 'None'
[0.406s] Level 5:colcon.colcon_core.verb:set package 'radar_fusion' build argument 'catkin_cmake_args' from command line to 'None'
[0.406s] Level 5:colcon.colcon_core.verb:set package 'radar_fusion' build argument 'catkin_skip_building_tests' from command line to 'False'
[0.406s] DEBUG:colcon.colcon_core.verb:Building package 'radar_fusion' with the following arguments: {'ament_cmake_args': None, 'build_base': '/home/priyadarshan/Socially-Aware-Medi-Assist-Robot/build/radar_fusion', 'catkin_cmake_args': None, 'catkin_skip_building_tests': False, 'cmake_args': None, 'cmake_clean_cache': False, 'cmake_clean_first': False, 'cmake_force_configure': False, 'cmake_target': None, 'cmake_target_skip_unavailable': False, 'install_base': '/home/priyadarshan/Socially-Aware-Medi-Assist-Robot/install/radar_fusion', 'merge_install': False, 'path': '/home/priyadarshan/Socially-Aware-Medi-Assist-Robot/radar_fusion', 'symlink_install': False, 'test_result_base': None}
[0.406s] INFO:colcon.colcon_core.executor:Executing jobs using 'parallel' executor
[0.407s] DEBUG:colcon.colcon_parallel_executor.executor.parallel:run_until_complete
[0.407s] INFO:colcon.colcon_ros.task.ament_python.build:Building ROS package in '/home/priyadarshan/Socially-Aware-Medi-Assist-Robot/radar_fusion' with build type 'ament_python'
[0.408s] Level 1:colcon.colcon_core.shell:create_environment_hook('radar_fusion', 'ament_prefix_path')
[0.409s] INFO:colcon.colcon_core.plugin_system:Skipping extension 'colcon_core.shell.bat': Not used on non-Windows systems
[0.410s] INFO:colcon.colcon_core.shell:Creating environment hook '/home/priyadarshan/Socially-Aware-Medi-Assist-Robot/install/radar_fusion/share/radar_fusion/hook/ament_prefix_path.ps1'
[0.410s] INFO:colcon.colcon_core.shell:Creating environment descriptor '/home/priyadarshan/Socially-Aware-Medi-Assist-Robot/install/radar_fusion/share/radar_fusion/hook/ament_prefix_path.dsv'
[0.411s] INFO:colcon.colcon_core.shell:Creating environment hook '/home/priyadarshan/Socially-Aware-Medi-Assist-Robot/install/radar_fusion/share/radar_fusion/hook/ament_prefix_path.sh'
[0.411s] INFO:colcon.colcon_core.shell:Skip shell extension 'powershell' for command environment: Not usable outside of PowerShell
[0.411s] DEBUG:colcon.colcon_core.shell:Skip shell extension 'dsv' for command environment
[0.603s] WARNING:colcon.colcon_ros.task.ament_python.build:Package 'radar_fusion' doesn't explicitly install a marker in the package index (colcon-ros currently does it implicitly but that fallback will be removed in the future)
[0.603s] INFO:colcon.colcon_core.task.python.build:Building Python package in '/home/priyadarshan/Socially-Aware-Medi-Assist-Robot/radar_fusion'
[0.603s] INFO:colcon.colcon_core.shell:Skip shell extension 'powershell' for command environment: Not usable outside of PowerShell
[0.603s] DEBUG:colcon.colcon_core.shell:Skip shell extension 'dsv' for command environment
[0.989s] DEBUG:colcon.colcon_core.event_handler.log_command:Invoking command in '/home/priyadarshan/Socially-Aware-Medi-Assist-Robot/radar_fusion': PYTHONPATH=/home/priyadarshan/Socially-Aware-Medi-Assist-Robot/build/radar_fusion/prefix_override:/usr/lib/python3/dist-packages/colcon_core/task/python/colcon_distutils_commands:/home/priyadarshan/Socially-Aware-Medi-Assist-Robot/install/radar_fusion/lib/python3.8/site-packages:${PYTHONPATH} /usr/bin/python3 -W ignore:setup.py install is deprecated -W ignore:easy_install command is deprecated setup.py egg_info --egg-base ../build/radar_fusion build --build-base /home/priyadarshan/Socially-Aware-Medi-Assist-Robot/build/radar_fusion/build install --record /home/priyadarshan/Socially-Aware-Medi-Assist-Robot/build/radar_fusion/install.log --install-scripts $base/lib/radar_fusion --single-version-externally-managed install_data
[1.226s] DEBUG:colcon.colcon_core.event_handler.log_command:Invoked command in '/home/priyadarshan/Socially-Aware-Medi-Assist-Robot/radar_fusion' returned '0': PYTHONPATH=/home/priyadarshan/Socially-Aware-Medi-Assist-Robot/build/radar_fusion/prefix_override:/usr/lib/python3/dist-packages/colcon_core/task/python/colcon_distutils_commands:/home/priyadarshan/Socially-Aware-Medi-Assist-Robot/install/radar_fusion/lib/python3.8/site-packages:${PYTHONPATH} /usr/bin/python3 -W ignore:setup.py install is deprecated -W ignore:easy_install command is deprecated setup.py egg_info --egg-base ../build/radar_fusion build --build-base /home/priyadarshan/Socially-Aware-Medi-Assist-Robot/build/radar_fusion/build install --record /home/priyadarshan/Socially-Aware-Medi-Assist-Robot/build/radar_fusion/install.log --install-scripts $base/lib/radar_fusion --single-version-externally-managed install_data
[1.228s] Level 1:colcon.colcon_core.environment:checking '/home/priyadarshan/Socially-Aware-Medi-Assist-Robot/install/radar_fusion' for CMake module files
[1.229s] Level 1:colcon.colcon_core.environment:checking '/home/priyadarshan/Socially-Aware-Medi-Assist-Robot/install/radar_fusion' for CMake config files
[1.229s] Level 1:colcon.colcon_core.environment:checking '/home/priyadarshan/Socially-Aware-Medi-Assist-Robot/install/radar_fusion/lib'
[1.229s] Level 1:colcon.colcon_core.environment:checking '/home/priyadarshan/Socially-Aware-Medi-Assist-Robot/install/radar_fusion/bin'
[1.229s] Level 1:colcon.colcon_core.environment:checking '/home/priyadarshan/Socially-Aware-Medi-Assist-Robot/install/radar_fusion/lib/pkgconfig/radar_fusion.pc'
[1.230s] Level 1:colcon.colcon_core.environment:checking '/home/priyadarshan/Socially-Aware-Medi-Assist-Robot/install/radar_fusion/lib/python3.8/site-packages'
[1.230s] Level 1:colcon.colcon_core.shell:create_environment_hook('radar_fusion', 'pythonpath')
[1.230s] INFO:colcon.colcon_core.shell:Creating environment hook '/home/priyadarshan/Socially-Aware-Medi-Assist-Robot/install/radar_fusion/share/radar_fusion/hook/pythonpath.ps1'
[1.230s] INFO:colcon.colcon_core.shell:Creating environment descriptor '/home/priyadarshan/Socially-Aware-Medi-Assist-Robot/install/radar_fusion/share/radar_fusion/hook/pythonpath.dsv'
[1.231s] INFO:colcon.colcon_core.shell:Creating environment hook '/home/priyadarshan/Socially-Aware-Medi-Assist-Robot/install/radar_fusion/share/radar_fusion/hook/pythonpath.sh'
[1.231s] Level 1:colcon.colcon_core.environment:checking '/home/priyadarshan/Socially-Aware-Medi-Assist-Robot/install/radar_fusion/bin'
[1.231s] Level 1:colcon.colcon_core.environment:create_environment_scripts_only(radar_fusion)
[1.232s] INFO:colcon.colcon_core.shell:Creating package script '/home/priyadarshan/Socially-Aware-Medi-Assist-Robot/install/radar_fusion/share/radar_fusion/package.ps1'
[1.232s] INFO:colcon.colcon_core.shell:Creating package descriptor '/home/priyadarshan/Socially-Aware-Medi-Assist-Robot/install/radar_fusion/share/radar_fusion/package.dsv'
[1.233s] INFO:colcon.colcon_core.shell:Creating package script '/home/priyadarshan/Socially-Aware-Medi-Assist-Robot/install/radar_fusion/share/radar_fusion/package.sh'
[1.233s] INFO:colcon.colcon_core.shell:Creating package script '/home/priyadarshan/Socially-Aware-Medi-Assist-Robot/install/radar_fusion/share/radar_fusion/package.bash'
[1.234s] INFO:colcon.colcon_core.shell:Creating package script '/home/priyadarshan/Socially-Aware-Medi-Assist-Robot/install/radar_fusion/share/radar_fusion/package.zsh'
[1.234s] Level 1:colcon.colcon_core.environment:create_file_with_runtime_dependencies(/home/priyadarshan/Socially-Aware-Medi-Assist-Robot/install/radar_fusion/share/colcon-core/packages/radar_fusion)
[1.235s] DEBUG:colcon.colcon_parallel_executor.executor.parallel:closing loop
[1.235s] DEBUG:colcon.colcon_parallel_executor.executor.parallel:loop closed
[1.236s] DEBUG:colcon.colcon_parallel_executor.executor.parallel:run_until_complete finished with '0'
[1.236s] DEBUG:colcon.colcon_core.event_reactor:joining thread
[1.240s] INFO:colcon.colcon_core.plugin_system:Skipping extension 'colcon_notification.desktop_notification.terminal_notifier': Not used on non-Darwin systems
[1.240s] INFO:colcon.colcon_core.plugin_system:Skipping extension 'colcon_notification.desktop_notification.win32': Not used on non-Windows systems
[1.240s] INFO:colcon.colcon_notification.desktop_notification:Sending desktop notification using 'notify2'
[1.253s] DEBUG:colcon.colcon_core.event_reactor:joined thread
[1.253s] INFO:colcon.colcon_core.shell:Creating prefix script '/home/priyadarshan/Socially-Aware-Medi-Assist-Robot/install/local_setup.ps1'
[1.255s] INFO:colcon.colcon_core.shell:Creating prefix util module '/home/priyadarshan/Socially-Aware-Medi-Assist-Robot/install/_local_setup_util_ps1.py'
[1.256s] INFO:colcon.colcon_core.shell:Creating prefix chain script '/home/priyadarshan/Socially-Aware-Medi-Assist-Robot/install/setup.ps1'
[1.257s] INFO:colcon.colcon_core.shell:Creating prefix script '/home/priyadarshan/Socially-Aware-Medi-Assist-Robot/install/local_setup.sh'
[1.258s] INFO:colcon.colcon_core.shell:Creating prefix util module '/home/priyadarshan/Socially-Aware-Medi-Assist-Robot/install/_local_setup_util_sh.py'
[1.259s] INFO:colcon.colcon_core.shell:Creating prefix chain script '/home/priyadarshan/Socially-Aware-Medi-Assist-Robot/install/setup.sh'
[1.260s] INFO:colcon.colcon_core.shell:Creating prefix script '/home/priyadarshan/Socially-Aware-Medi-Assist-Robot/install/local_setup.bash'
[1.260s] INFO:colcon.colcon_core.shell:Creating prefix chain script '/home/priyadarshan/Socially-Aware-Medi-Assist-Robot/install/setup.bash'
[1.261s] INFO:colcon.colcon_core.shell:Creating prefix script '/home/priyadarshan/Socially-Aware-Medi-Assist-Robot/install/local_setup.zsh'
[1.261s] INFO:colcon.colcon_core.shell:Creating prefix chain script '/home/priyadarshan/Socially-Aware-Medi-Assist-Robot/install/setup.zsh'
