running egg_info
creating ../build/radar_fusion/radar_fusion.egg-info
writing ../build/radar_fusion/radar_fusion.egg-info/PKG-INFO
writing dependency_links to ../build/radar_fusion/radar_fusion.egg-info/dependency_links.txt
writing entry points to ../build/radar_fusion/radar_fusion.egg-info/entry_points.txt
writing requirements to ../build/radar_fusion/radar_fusion.egg-info/requires.txt
writing top-level names to ../build/radar_fusion/radar_fusion.egg-info/top_level.txt
writing manifest file '../build/radar_fusion/radar_fusion.egg-info/SOURCES.txt'
reading manifest file '../build/radar_fusion/radar_fusion.egg-info/SOURCES.txt'
writing manifest file '../build/radar_fusion/radar_fusion.egg-info/SOURCES.txt'
running build
running build_py
creating /home/priyadarshan/Socially-Aware-Medi-Assist-Robot/build/radar_fusion/build
creating /home/priyadarshan/Socially-Aware-Medi-Assist-Robot/build/radar_fusion/build/lib
creating /home/priyadarshan/Socially-Aware-Medi-Assist-Robot/build/radar_fusion/build/lib/radar_fusion
copying radar_fusion/__init__.py -> /home/priyadarshan/Socially-Aware-Medi-Assist-Robot/build/radar_fusion/build/lib/radar_fusion
copying radar_fusion/radar_fusion_node.py -> /home/priyadarshan/Socially-Aware-Medi-Assist-Robot/build/radar_fusion/build/lib/radar_fusion
running install
running install_lib
creating /home/priyadarshan/Socially-Aware-Medi-Assist-Robot/install/radar_fusion/lib/python3.8/site-packages/radar_fusion
copying /home/priyadarshan/Socially-Aware-Medi-Assist-Robot/build/radar_fusion/build/lib/radar_fusion/__init__.py -> /home/priyadarshan/Socially-Aware-Medi-Assist-Robot/install/radar_fusion/lib/python3.8/site-packages/radar_fusion
copying /home/priyadarshan/Socially-Aware-Medi-Assist-Robot/build/radar_fusion/build/lib/radar_fusion/radar_fusion_node.py -> /home/priyadarshan/Socially-Aware-Medi-Assist-Robot/install/radar_fusion/lib/python3.8/site-packages/radar_fusion
byte-compiling /home/priyadarshan/Socially-Aware-Medi-Assist-Robot/install/radar_fusion/lib/python3.8/site-packages/radar_fusion/__init__.py to __init__.cpython-38.pyc
byte-compiling /home/priyadarshan/Socially-Aware-Medi-Assist-Robot/install/radar_fusion/lib/python3.8/site-packages/radar_fusion/radar_fusion_node.py to radar_fusion_node.cpython-38.pyc
running install_data
copying package.xml -> /home/priyadarshan/Socially-Aware-Medi-Assist-Robot/install/radar_fusion/share/radar_fusion
running install_egg_info
Copying ../build/radar_fusion/radar_fusion.egg-info to /home/priyadarshan/Socially-Aware-Medi-Assist-Robot/install/radar_fusion/lib/python3.8/site-packages/radar_fusion-0.1.0-py3.8.egg-info
running install_scripts
Installing radar_fusion_node script to /home/priyadarshan/Socially-Aware-Medi-Assist-Robot/install/radar_fusion/lib/radar_fusion
writing list of installed files to '/home/priyadarshan/Socially-Aware-Medi-Assist-Robot/build/radar_fusion/install.log'
